android/app/build/intermediates/manifest_merge_blame_file/debug/manifest-merger-blame-debug-report.txt
1<?xml version="1.0" encoding="utf-8"?>
2<manifest xmlns:android="http://schemas.android.com/apk/res/android"
3    package="com.qrreaderapp"
4    android:versionCode="1"
5    android:versionName="1.0" >
6
7    <uses-sdk
8        android:minSdkVersion="23"
9        android:targetSdkVersion="34" />
10
11    <uses-permission android:name="android.permission.INTERNET" />
11-->src\main\AndroidManifest.xml:3:5-67
11-->src\main\AndroidManifest.xml:3:22-64
12    <uses-permission android:name="android.permission.CAMERA" />
12-->src\main\AndroidManifest.xml:4:5-65
12-->src\main\AndroidManifest.xml:4:22-62
13
14    <uses-feature
14-->[:react-native-camera] AndroidManifest.xml:9:5-11:36
15        android:name="android.hardware.camera"
15-->[:react-native-camera] AndroidManifest.xml:10:9-47
16        android:required="false" />
16-->[:react-native-camera] AndroidManifest.xml:11:9-33
17    <uses-feature
17-->[:react-native-camera] AndroidManifest.xml:12:5-14:36
18        android:name="android.hardware.camera.autofocus"
18-->[:react-native-camera] AndroidManifest.xml:13:9-57
19        android:required="false" />
19-->[:react-native-camera] AndroidManifest.xml:14:9-33
20    <!--
21    This manifest file is used only by Gradle to configure debug-only capabilities
22    for React Native Apps.
23    -->
24    <uses-permission android:name="android.permission.SYSTEM_ALERT_WINDOW" />
24-->[com.facebook.react:react-android:0.74.3] AndroidManifest.xml:16:5-78
24-->[com.facebook.react:react-android:0.74.3] AndroidManifest.xml:16:22-75
25
26    <permission
26-->[androidx.core:core:1.9.0] AndroidManifest.xml:22:5-24:47
27        android:name="com.qrreaderapp.DYNAMIC_RECEIVER_NOT_EXPORTED_PERMISSION"
27-->[androidx.core:core:1.9.0] AndroidManifest.xml:23:9-81
28        android:protectionLevel="signature" />
28-->[androidx.core:core:1.9.0] AndroidManifest.xml:24:9-44
29
30    <uses-permission android:name="com.qrreaderapp.DYNAMIC_RECEIVER_NOT_EXPORTED_PERMISSION" /> <!-- Although the *SdkVersion is captured in gradle build files, this is required for non gradle builds -->
30-->[androidx.core:core:1.9.0] AndroidManifest.xml:26:5-97
30-->[androidx.core:core:1.9.0] AndroidManifest.xml:26:22-94
31    <!-- <uses-sdk android:minSdkVersion="14"/> -->
32    <uses-permission android:name="android.permission.ACCESS_NETWORK_STATE" />
32-->[com.google.android.datatransport:transport-backend-cct:2.3.3] AndroidManifest.xml:25:5-79
32-->[com.google.android.datatransport:transport-backend-cct:2.3.3] AndroidManifest.xml:25:22-76
33
34    <application
34-->src\main\AndroidManifest.xml:6:5-25:19
35        android:name="com.qrreaderapp.MainApplication"
35-->src\main\AndroidManifest.xml:7:7-38
36        android:allowBackup="false"
36-->src\main\AndroidManifest.xml:11:7-34
37        android:appComponentFactory="androidx.core.app.CoreComponentFactory"
37-->[androidx.core:core:1.9.0] AndroidManifest.xml:28:18-86
38        android:debuggable="true"
39        android:extractNativeLibs="false"
40        android:icon="@mipmap/ic_launcher"
40-->src\main\AndroidManifest.xml:9:7-41
41        android:label="@string/app_name"
41-->src\main\AndroidManifest.xml:8:7-39
42        android:roundIcon="@mipmap/ic_launcher_round"
42-->src\main\AndroidManifest.xml:10:7-52
43        android:theme="@style/AppTheme"
43-->src\main\AndroidManifest.xml:12:7-38
44        android:usesCleartextTraffic="true" >
44-->src\debug\AndroidManifest.xml:6:9-44
45        <activity
45-->src\main\AndroidManifest.xml:13:7-24:18
46            android:name="com.qrreaderapp.MainActivity"
46-->src\main\AndroidManifest.xml:14:9-37
47            android:configChanges="keyboard|keyboardHidden|orientation|screenLayout|screenSize|smallestScreenSize|uiMode"
47-->src\main\AndroidManifest.xml:16:9-118
48            android:exported="true"
48-->src\main\AndroidManifest.xml:19:9-32
49            android:label="@string/app_name"
49-->src\main\AndroidManifest.xml:15:9-41
50            android:launchMode="singleTask"
50-->src\main\AndroidManifest.xml:17:9-40
51            android:windowSoftInputMode="adjustResize" >
51-->src\main\AndroidManifest.xml:18:9-51
52            <intent-filter>
52-->src\main\AndroidManifest.xml:20:9-23:25
53                <action android:name="android.intent.action.MAIN" />
53-->src\main\AndroidManifest.xml:21:13-65
53-->src\main\AndroidManifest.xml:21:21-62
54
55                <category android:name="android.intent.category.LAUNCHER" />
55-->src\main\AndroidManifest.xml:22:13-73
55-->src\main\AndroidManifest.xml:22:23-70
56            </intent-filter>
57        </activity>
58        <activity
58-->[com.facebook.react:react-android:0.74.3] AndroidManifest.xml:19:9-21:40
59            android:name="com.facebook.react.devsupport.DevSettingsActivity"
59-->[com.facebook.react:react-android:0.74.3] AndroidManifest.xml:20:13-77
60            android:exported="false" />
60-->[com.facebook.react:react-android:0.74.3] AndroidManifest.xml:21:13-37
61
62        <service
62-->[com.google.android.gms:play-services-mlkit-barcode-scanning:16.2.0] AndroidManifest.xml:9:9-15:19
63            android:name="com.google.mlkit.common.internal.MlKitComponentDiscoveryService"
63-->[com.google.android.gms:play-services-mlkit-barcode-scanning:16.2.0] AndroidManifest.xml:10:13-91
64            android:directBootAware="true"
64-->[com.google.mlkit:common:17.2.0] AndroidManifest.xml:17:13-43
65            android:exported="false" >
65-->[com.google.android.gms:play-services-mlkit-barcode-scanning:16.2.0] AndroidManifest.xml:11:13-37
66            <meta-data
66-->[com.google.android.gms:play-services-mlkit-barcode-scanning:16.2.0] AndroidManifest.xml:12:13-14:85
67                android:name="com.google.firebase.components:com.google.mlkit.vision.barcode.internal.BarcodeRegistrar"
67-->[com.google.android.gms:play-services-mlkit-barcode-scanning:16.2.0] AndroidManifest.xml:13:17-120
68                android:value="com.google.firebase.components.ComponentRegistrar" />
68-->[com.google.android.gms:play-services-mlkit-barcode-scanning:16.2.0] AndroidManifest.xml:14:17-82
69            <meta-data
69-->[com.google.android.gms:play-services-mlkit-face-detection:16.2.0] AndroidManifest.xml:12:13-14:85
70                android:name="com.google.firebase.components:com.google.mlkit.vision.face.internal.FaceRegistrar"
70-->[com.google.android.gms:play-services-mlkit-face-detection:16.2.0] AndroidManifest.xml:13:17-114
71                android:value="com.google.firebase.components.ComponentRegistrar" />
71-->[com.google.android.gms:play-services-mlkit-face-detection:16.2.0] AndroidManifest.xml:14:17-82
72            <meta-data
72-->[com.google.android.gms:play-services-mlkit-text-recognition:16.3.0] AndroidManifest.xml:12:13-14:85
73                android:name="com.google.firebase.components:com.google.mlkit.vision.text.internal.TextRegistrar"
73-->[com.google.android.gms:play-services-mlkit-text-recognition:16.3.0] AndroidManifest.xml:13:17-114
74                android:value="com.google.firebase.components.ComponentRegistrar" />
74-->[com.google.android.gms:play-services-mlkit-text-recognition:16.3.0] AndroidManifest.xml:14:17-82
75            <meta-data
75-->[com.google.mlkit:vision-common:16.5.0] AndroidManifest.xml:12:13-14:85
76                android:name="com.google.firebase.components:com.google.mlkit.vision.common.internal.VisionCommonRegistrar"
76-->[com.google.mlkit:vision-common:16.5.0] AndroidManifest.xml:13:17-124
77                android:value="com.google.firebase.components.ComponentRegistrar" />
77-->[com.google.mlkit:vision-common:16.5.0] AndroidManifest.xml:14:17-82
78            <meta-data
78-->[com.google.mlkit:common:17.2.0] AndroidManifest.xml:20:13-22:85
79                android:name="com.google.firebase.components:com.google.mlkit.common.internal.CommonComponentRegistrar"
79-->[com.google.mlkit:common:17.2.0] AndroidManifest.xml:21:17-120
80                android:value="com.google.firebase.components.ComponentRegistrar" />
80-->[com.google.mlkit:common:17.2.0] AndroidManifest.xml:22:17-82
81        </service>
82
83        <provider
83-->[com.google.mlkit:common:17.2.0] AndroidManifest.xml:9:9-13:38
84            android:name="com.google.mlkit.common.internal.MlKitInitProvider"
84-->[com.google.mlkit:common:17.2.0] AndroidManifest.xml:10:13-78
85            android:authorities="com.qrreaderapp.mlkitinitprovider"
85-->[com.google.mlkit:common:17.2.0] AndroidManifest.xml:11:13-69
86            android:exported="false"
86-->[com.google.mlkit:common:17.2.0] AndroidManifest.xml:12:13-37
87            android:initOrder="99" />
87-->[com.google.mlkit:common:17.2.0] AndroidManifest.xml:13:13-35
88
89        <activity
89-->[com.google.android.gms:play-services-base:17.6.0] AndroidManifest.xml:23:9-26:75
90            android:name="com.google.android.gms.common.api.GoogleApiActivity"
90-->[com.google.android.gms:play-services-base:17.6.0] AndroidManifest.xml:24:13-79
91            android:exported="false"
91-->[com.google.android.gms:play-services-base:17.6.0] AndroidManifest.xml:25:13-37
92            android:theme="@android:style/Theme.Translucent.NoTitleBar" />
92-->[com.google.android.gms:play-services-base:17.6.0] AndroidManifest.xml:26:13-72
93
94        <meta-data
94-->[com.google.android.gms:play-services-basement:17.6.0] AndroidManifest.xml:23:9-25:69
95            android:name="com.google.android.gms.version"
95-->[com.google.android.gms:play-services-basement:17.6.0] AndroidManifest.xml:24:13-58
96            android:value="@integer/google_play_services_version" />
96-->[com.google.android.gms:play-services-basement:17.6.0] AndroidManifest.xml:25:13-66
97
98        <provider
98-->[androidx.emoji2:emoji2:1.2.0] AndroidManifest.xml:24:9-32:20
99            android:name="androidx.startup.InitializationProvider"
99-->[androidx.emoji2:emoji2:1.2.0] AndroidManifest.xml:25:13-67
100            android:authorities="com.qrreaderapp.androidx-startup"
100-->[androidx.emoji2:emoji2:1.2.0] AndroidManifest.xml:26:13-68
101            android:exported="false" >
101-->[androidx.emoji2:emoji2:1.2.0] AndroidManifest.xml:27:13-37
102            <meta-data
102-->[androidx.emoji2:emoji2:1.2.0] AndroidManifest.xml:29:13-31:52
103                android:name="androidx.emoji2.text.EmojiCompatInitializer"
103-->[androidx.emoji2:emoji2:1.2.0] AndroidManifest.xml:30:17-75
104                android:value="androidx.startup" />
104-->[androidx.emoji2:emoji2:1.2.0] AndroidManifest.xml:31:17-49
105            <meta-data
105-->[androidx.lifecycle:lifecycle-process:2.4.1] AndroidManifest.xml:31:13-33:52
106                android:name="androidx.lifecycle.ProcessLifecycleInitializer"
106-->[androidx.lifecycle:lifecycle-process:2.4.1] AndroidManifest.xml:32:17-78
107                android:value="androidx.startup" />
107-->[androidx.lifecycle:lifecycle-process:2.4.1] AndroidManifest.xml:33:17-49
108        </provider>
109
110        <service
110-->[com.google.android.datatransport:transport-backend-cct:2.3.3] AndroidManifest.xml:29:9-35:19
111            android:name="com.google.android.datatransport.runtime.backends.TransportBackendDiscovery"
111-->[com.google.android.datatransport:transport-backend-cct:2.3.3] AndroidManifest.xml:30:13-103
112            android:exported="false" >
112-->[com.google.android.datatransport:transport-backend-cct:2.3.3] AndroidManifest.xml:31:13-37
113            <meta-data
113-->[com.google.android.datatransport:transport-backend-cct:2.3.3] AndroidManifest.xml:32:13-34:39
114                android:name="backend:com.google.android.datatransport.cct.CctBackendFactory"
114-->[com.google.android.datatransport:transport-backend-cct:2.3.3] AndroidManifest.xml:33:17-94
115                android:value="cct" />
115-->[com.google.android.datatransport:transport-backend-cct:2.3.3] AndroidManifest.xml:34:17-36
116        </service>
117        <service
117-->[com.google.android.datatransport:transport-runtime:2.2.6] AndroidManifest.xml:26:9-30:19
118            android:name="com.google.android.datatransport.runtime.scheduling.jobscheduling.JobInfoSchedulerService"
118-->[com.google.android.datatransport:transport-runtime:2.2.6] AndroidManifest.xml:27:13-117
119            android:exported="false"
119-->[com.google.android.datatransport:transport-runtime:2.2.6] AndroidManifest.xml:28:13-37
120            android:permission="android.permission.BIND_JOB_SERVICE" >
120-->[com.google.android.datatransport:transport-runtime:2.2.6] AndroidManifest.xml:29:13-69
121        </service>
122
123        <receiver
123-->[com.google.android.datatransport:transport-runtime:2.2.6] AndroidManifest.xml:32:9-34:40
124            android:name="com.google.android.datatransport.runtime.scheduling.jobscheduling.AlarmManagerSchedulerBroadcastReceiver"
124-->[com.google.android.datatransport:transport-runtime:2.2.6] AndroidManifest.xml:33:13-132
125            android:exported="false" />
125-->[com.google.android.datatransport:transport-runtime:2.2.6] AndroidManifest.xml:34:13-37
126
127        <meta-data
127-->[com.facebook.soloader:soloader:0.10.5] AndroidManifest.xml:12:9-14:37
128            android:name="com.facebook.soloader.enabled"
128-->[com.facebook.soloader:soloader:0.10.5] AndroidManifest.xml:13:13-57
129            android:value="false" />
129-->[com.facebook.soloader:soloader:0.10.5] AndroidManifest.xml:14:13-34
130    </application>
131
132</manifest>